<?xml version="1.0" encoding="UTF-8" ?>
<testsuite errors="0" failures="0" hostname="Samsung-PC" name="fiuba.algo3.modelo.obstaculo.PiqueteTest" skipped="0" tests="7" time="0.009" timestamp="2013-11-15T19:28:39">
  <properties>
    <property name="java.vendor" value="Oracle Corporation" />
    <property name="coverage.summaryxml.dir" value="C:\Users\Samsung\EclipseWorkspace\GPSChallenge\build\reports\cobertura-summary-xml" />
    <property name="libs" value="C:\Users\Samsung\EclipseWorkspace\GPSChallenge\libs" />
    <property name="sun.java.launcher" value="SUN_STANDARD" />
    <property name="sun.management.compiler" value="HotSpot Client Compiler" />
    <property name="os.name" value="Windows 8" />
    <property name="sun.boot.class.path" value="C:\Program Files (x86)\Java\jdk1.7.0_45\jre\lib\resources.jar;C:\Program Files (x86)\Java\jdk1.7.0_45\jre\lib\rt.jar;C:\Program Files (x86)\Java\jdk1.7.0_45\jre\lib\sunrsasign.jar;C:\Program Files (x86)\Java\jdk1.7.0_45\jre\lib\jsse.jar;C:\Program Files (x86)\Java\jdk1.7.0_45\jre\lib\jce.jar;C:\Program Files (x86)\Java\jdk1.7.0_45\jre\lib\charsets.jar;C:\Program Files (x86)\Java\jdk1.7.0_45\jre\lib\jfr.jar;C:\Program Files (x86)\Java\jdk1.7.0_45\jre\classes" />
    <property name="reports.html.dir" value="C:\Users\Samsung\EclipseWorkspace\GPSChallenge\build\reports\junit-html" />
    <property name="user.country.format" value="US" />
    <property name="sun.desktop" value="windows" />
    <property name="ant.file.type.tp-final-algo3" value="file" />
    <property name="java.vm.specification.vendor" value="Oracle Corporation" />
    <property name="net.sourceforge.cobertura.datafile" value="C:\Users\Samsung\EclipseWorkspace\GPSChallenge\build\cobertura.ser" />
    <property name="ant.home" value="C:\Program Files (x86)\Java\apache-ant-1.9.2\bin\.." />
    <property name="java.runtime.version" value="1.7.0_45-b18" />
    <property name="cobertura.dir" value="C:\Users\Samsung\EclipseWorkspace\GPSChallenge\libs" />
    <property name="user.name" value="Samsung" />
    <property name="user.language.format" value="en" />
    <property name="user.language" value="es" />
    <property name="build" value="C:\Users\Samsung\EclipseWorkspace\GPSChallenge\build" />
    <property name="sun.boot.library.path" value="C:\Program Files (x86)\Java\jdk1.7.0_45\jre\bin" />
    <property name="reports.dir" value="C:\Users\Samsung\EclipseWorkspace\GPSChallenge\build\reports" />
    <property name="ant.project.default-target" value="test" />
    <property name="ant.project.name" value="tp-final-algo3" />
    <property name="java.version" value="1.7.0_45" />
    <property name="coverage.html.dir" value="C:\Users\Samsung\EclipseWorkspace\GPSChallenge\build\reports\cobertura-html" />
    <property name="user.timezone" value="" />
    <property name="sun.arch.data.model" value="32" />
    <property name="java.endorsed.dirs" value="C:\Program Files (x86)\Java\jdk1.7.0_45\jre\lib\endorsed" />
    <property name="sun.cpu.isalist" value="pentium_pro+mmx pentium_pro pentium+mmx pentium i486 i386 i86" />
    <property name="sun.jnu.encoding" value="Cp1252" />
    <property name="file.encoding.pkg" value="sun.io" />
    <property name="file.separator" value="\" />
    <property name="java.specification.name" value="Java Platform API Specification" />
    <property name="classes.dir" value="C:\Users\Samsung\EclipseWorkspace\GPSChallenge\build" />
    <property name="java.class.version" value="51.0" />
    <property name="user.country" value="ES" />
    <property name="java.home" value="C:\Program Files (x86)\Java\jdk1.7.0_45\jre" />
    <property name="java.vm.info" value="mixed mode, sharing" />
    <property name="ant.file" value="C:\Users\Samsung\EclipseWorkspace\GPSChallenge\build.xml" />
    <property name="os.version" value="6.2" />
    <property name="path.separator" value=";" />
    <property name="java.vm.version" value="24.45-b08" />
    <property name="user.variant" value="" />
    <property name="ant.library.dir" value="C:\Program Files (x86)\Java\apache-ant-1.9.2\lib" />
    <property name="java.awt.printerjob" value="sun.awt.windows.WPrinterJob" />
    <property name="sun.io.unicode.encoding" value="UnicodeLittle" />
    <property name="awt.toolkit" value="sun.awt.windows.WToolkit" />
    <property name="user.script" value="" />
    <property name="reports.xml.dir" value="C:\Users\Samsung\EclipseWorkspace\GPSChallenge\build\reports\junit-xml" />
    <property name="user.home" value="C:\Users\Samsung" />
    <property name="java.specification.vendor" value="Oracle Corporation" />
    <property name="coverage.xml.dir" value="C:\Users\Samsung\EclipseWorkspace\GPSChallenge\build\reports\cobertura-xml" />
    <property name="java.library.path" value="C:\Program Files (x86)\Java\jdk1.7.0_45\jre\bin;C:\windows\Sun\Java\bin;C:\windows\system32;C:\windows;C:\Program Files (x86)\CollabNet;C:\Program Files (x86)\Embarcadero\RAD Studio\12.0\bin;C:\Users\Public\Documents\RAD Studio\12.0\Bpl;C:\Program Files (x86)\Embarcadero\RAD Studio\12.0\bin64;C:\Users\Public\Documents\RAD Studio\12.0\Bpl\Win64;C:\Program Files (x86)\NVIDIA Corporation\PhysX\Common;C:\Program Files (x86)\Intel\iCLS Client\;C:\Program Files\Intel\iCLS Client\;C:\windows\system32;C:\windows;C:\windows\System32\Wbem;C:\windows\System32\WindowsPowerShell\v1.0\;C:\Program Files\Intel\Intel(R) Management Engine Components\DAL;C:\Program Files\Intel\Intel(R) Management Engine Components\IPT;C:\Program Files (x86)\Intel\Intel(R) Management Engine Components\DAL;C:\Program Files (x86)\Intel\Intel(R) Management Engine Components\IPT;C:\Program Files (x86)\Intel\OpenCL SDK\2.0\bin\x86;C:\Program Files (x86)\Intel\OpenCL SDK\2.0\bin\x64;C:\Program Files\Condusiv Technologies\ExpressCache\;C:\Program Files (x86)\Windows Live\Shared;C:\Program Files (x86)\Intel\OpenCL SDK\2.0\bin\x86;C:\Program Files (x86)\Intel\OpenCL SDK\2.0\bin\x64;C:\Program Files\Intel\WiFi\bin\;C:\Program Files\Common Files\Intel\WirelessCommon\;C:\Program Files (x86)\Java\jdk1.7.0_45\bin;C:\Program Files (x86)\Java\apache-ant-1.9.2\bin;C:\Program Files\Intel\WiFi\bin\;C:\Program Files\Common Files\Intel\WirelessCommon\;C:\Program Files (x86)\Java\jdk1.7.0_45\binbin;;." />
    <property name="java.vendor.url" value="http://java.oracle.com/" />
    <property name="java.vm.vendor" value="Oracle Corporation" />
    <property name="java.runtime.name" value="Java(TM) SE Runtime Environment" />
    <property name="sun.java.command" value="org.apache.tools.ant.taskdefs.optional.junit.JUnitTestRunner testsfile=C:\Users\Samsung\EclipseWorkspace\GPSChallenge\junittestcases5638417578765999665.properties filtertrace=true haltOnError=false haltOnFailure=false showoutput=false outputtoformatters=true logfailedtests=true logtestlistenerevents=false formatter=org.apache.tools.ant.taskdefs.optional.junit.XMLJUnitResultFormatter,C:\Users\Samsung\EclipseWorkspace\GPSChallenge\build\reports\junit-xml\IGNORETHIS.xml crashfile=C:\Users\Samsung\EclipseWorkspace\GPSChallenge\junitvmwatcher6968470026611141728.properties propsfile=C:\Users\Samsung\EclipseWorkspace\GPSChallenge\junit5866281535417925193.properties" />
    <property name="java.class.path" value="C:\Users\Samsung\EclipseWorkspace\GPSChallenge\build\instrumented;C:\Users\Samsung\EclipseWorkspace\GPSChallenge\build;C:\Users\Samsung\EclipseWorkspace\GPSChallenge\libs\asm-3.0.jar;C:\Users\Samsung\EclipseWorkspace\GPSChallenge\libs\asm-tree-3.0.jar;C:\Users\Samsung\EclipseWorkspace\GPSChallenge\libs\checkstyle-5.5-all.jar;C:\Users\Samsung\EclipseWorkspace\GPSChallenge\libs\cobertura.jar;C:\Users\Samsung\EclipseWorkspace\GPSChallenge\libs\jakarta-oro-2.0.8.jar;C:\Users\Samsung\EclipseWorkspace\GPSChallenge\libs\junit-4.10.jar;C:\Users\Samsung\EclipseWorkspace\GPSChallenge\libs\log4j-1.2.9.jar;C:\Users\Samsung\EclipseWorkspace\GPSChallenge\libs\mockito-all-1.9.0.jar;C:\Users\Samsung\EclipseWorkspace\GPSChallenge\build\tests;C:\Program Files (x86)\Java\apache-ant-1.9.2\lib\ant-launcher.jar;C:\Program Files (x86)\Java\apache-ant-1.9.2\lib\ant.jar;C:\Program Files (x86)\Java\apache-ant-1.9.2\lib\ant-junit.jar;C:\Program Files (x86)\Java\apache-ant-1.9.2\lib\ant-junit4.jar" />
    <property name="ant.version" value="Apache Ant(TM) version 1.9.2 compiled on July 8 2013" />
    <property name="java.vm.specification.name" value="Java Virtual Machine Specification" />
    <property name="ant.file.type" value="file" />
    <property name="java.vm.specification.version" value="1.7" />
    <property name="sun.cpu.endian" value="little" />
    <property name="sun.os.patch.level" value="" />
    <property name="java.io.tmpdir" value="C:\Users\Samsung\AppData\Local\Temp\" />
    <property name="java.vendor.url.bug" value="http://bugreport.sun.com/bugreport/" />
    <property name="os.arch" value="x86" />
    <property name="java.awt.graphicsenv" value="sun.awt.Win32GraphicsEnvironment" />
    <property name="instrumented.dir" value="C:\Users\Samsung\EclipseWorkspace\GPSChallenge\build\instrumented" />
    <property name="java.ext.dirs" value="C:\Program Files (x86)\Java\jdk1.7.0_45\jre\lib\ext;C:\windows\Sun\Java\lib\ext" />
    <property name="user.dir" value="C:\Users\Samsung\EclipseWorkspace\GPSChallenge" />
    <property name="line.separator" value="&#xd;&#xa;" />
    <property name="java.vm.name" value="Java HotSpot(TM) Client VM" />
    <property name="basedir" value="C:\Users\Samsung\EclipseWorkspace\GPSChallenge" />
    <property name="ant.java.version" value="1.7" />
    <property name="ant.core.lib" value="C:\Program Files (x86)\Java\apache-ant-1.9.2\lib\ant.jar" />
    <property name="file.encoding" value="Cp1252" />
    <property name="ant.file.tp-final-algo3" value="C:\Users\Samsung\EclipseWorkspace\GPSChallenge\build.xml" />
    <property name="java.specification.version" value="1.7" />
    <property name="src.dir" value="C:\Users\Samsung\EclipseWorkspace\GPSChallenge\src" />
    <property name="ant.project.invoked-targets" value="test" />
  </properties>
  <testcase classname="fiuba.algo3.modelo.obstaculo.PiqueteTest" name="testElAutoDeberiaTenerLaVisibilidadCorrectaAlVolverALaPosicionOriginal" time="0.001" />
  <testcase classname="fiuba.algo3.modelo.obstaculo.PiqueteTest" name="testDeberiaCambiarleLaDireccionALaCamioneta" time="0.0" />
  <testcase classname="fiuba.algo3.modelo.obstaculo.PiqueteTest" name="testNoDeberiaCambiarleLaDireccionALaMoto" time="0.0" />
  <testcase classname="fiuba.algo3.modelo.obstaculo.PiqueteTest" name="testDeberiaAumentarleLosMovimientosALaMoto" time="0.0" />
  <testcase classname="fiuba.algo3.modelo.obstaculo.PiqueteTest" name="testElAutoDeberiaVolverALaPosicionOriginal" time="0.0" />
  <testcase classname="fiuba.algo3.modelo.obstaculo.PiqueteTest" name="testAbajoDeberiaExistir" time="0.0" />
  <testcase classname="fiuba.algo3.modelo.obstaculo.PiqueteTest" name="testDeberiaCambiarleLaDireccionAlAuto" time="0.001" />
  <system-out><![CDATA[]]></system-out>
  <system-err><![CDATA[]]></system-err>
</testsuite>
